Release 14.7 Map P.20131013 (lin64)
Xilinx Mapping Report File for Design 'ml505_top'

Design Information
------------------
Command Line   : map -intstyle ise -p xc5vlx110t-ff1136-1 -w -logic_opt off -ol
high -t 1 -register_duplication off -global_opt off -mt off -cm area -ir off -pr
off -lc off -power off -o ml505_top_map.ncd ml505_top.ngd ml505_top.pcf 
Target Device  : xc5vlx110t
Target Package : ff1136
Target Speed   : -1
Mapper Version : virtex5 -- $Revision: 1.55 $
Mapped Date    : Sat Jun 30 04:10:17 2018

Design Summary
--------------
Number of errors:      0
Number of warnings:    0
Slice Logic Utilization:
  Number of Slice Registers:                   104 out of  69,120    1%
    Number used as Flip Flops:                 104
  Number of Slice LUTs:                        158 out of  69,120    1%
    Number used as logic:                      155 out of  69,120    1%
      Number using O6 output only:              81
      Number using O5 output only:              60
      Number using O5 and O6:                   14
    Number used as exclusive route-thru:         3
  Number of route-thrus:                        63
    Number using O6 output only:                63

Slice Logic Distribution:
  Number of occupied Slices:                    57 out of  17,280    1%
  Number of LUT Flip Flop pairs used:          160
    Number with an unused Flip Flop:            56 out of     160   35%
    Number with an unused LUT:                   2 out of     160    1%
    Number of fully used LUT-FF pairs:         102 out of     160   63%
    Number of unique control sets:               7
    Number of slice register sites lost
      to control set restrictions:               8 out of  69,120    1%

  A LUT Flip Flop pair for this architecture represents one LUT paired with
  one Flip Flop within a slice.  A control set is a unique combination of
  clock, reset, set, and enable signals for a registered element.
  The Slice Logic Distribution report is not meaningful if the design is
  over-mapped for a non-slice resource or if Placement fails.
  OVERMAPPING of BRAM resources should be ignored if the design is
  over-mapped for a non-BRAM resource or if placement fails.

IO Utilization:
  Number of bonded IOBs:                        11 out of     640    1%
    Number of LOCed IOBs:                       11 out of      11  100%

Specific Feature Utilization:
  Number of BUFG/BUFGCTRLs:                      2 out of      32    6%
    Number used as BUFGs:                        2
  Number of PLL_ADVs:                            1 out of       6   16%

Average Fanout of Non-Clock Nets:                3.64

Peak Memory Usage:  1004 MB
Total REAL time to MAP completion:  11 secs 
Total CPU time to MAP completion:   11 secs 

Table of Contents
-----------------
Section 1 - Errors
Section 2 - Warnings
Section 3 - Informational
Section 4 - Removed Logic Summary
Section 5 - Removed Logic
Section 6 - IOB Properties
Section 7 - RPMs
Section 8 - Guide Report
Section 9 - Area Group and Partition Summary
Section 10 - Timing Report
Section 11 - Configuration String Information
Section 12 - Control Set Information
Section 13 - Utilization by Hierarchy

Section 1 - Errors
------------------

Section 2 - Warnings
--------------------

Section 3 - Informational
-------------------------
INFO:MapLib:562 - No environment variables are currently set.
INFO:MapLib:841 - Changing COMPENSATION attribute from SYSTEM_SYNCHRONOUS to
   INTERNAL for PLL_ADV user_clk_pll.
INFO:LIT:244 - All of the single ended outputs in this design are using slew
   rate limited output drivers. The delay on speed critical single ended outputs
   can be dramatically reduced by designating them as fast outputs.
INFO:Pack:1716 - Initializing temperature to 85.000 Celsius. (default - Range:
   0.000 to 85.000 Celsius)
INFO:Pack:1720 - Initializing voltage to 0.950 Volts. (default - Range: 0.950 to
   1.050 Volts)
INFO:Map:215 - The Interim Design Summary has been generated in the MAP Report
   (.mrp).
INFO:Pack:1650 - Map created a placed design.

Section 4 - Removed Logic Summary
---------------------------------
   2 block(s) optimized away

Section 5 - Removed Logic
-------------------------

Optimized Block(s):
TYPE 		BLOCK
GND 		XST_GND
VCC 		XST_VCC

To enable printing of redundant blocks removed and signals merged, set the
detailed map report option and rerun map.

Section 6 - IOB Properties
--------------------------

+---------------------------------------------------------------------------------------------------------------------------------------------------------+
| IOB Name                           | Type             | Direction | IO Standard          | Diff  | Drive    | Slew | Reg (s)      | Resistor | IOB      |
|                                    |                  |           |                      | Term  | Strength | Rate |              |          | Delay    |
+---------------------------------------------------------------------------------------------------------------------------------------------------------+
| GPIO_COMPSW<0>                     | IOB              | INPUT     | LVCMOS33             |       |          |      |              |          |          |
| GPIO_COMPSW<1>                     | IOB              | INPUT     | LVCMOS33             |       |          |      |              |          |          |
| GPIO_COMPSW<2>                     | IOB              | INPUT     | LVCMOS33             |       |          |      |              |          |          |
| GPIO_COMPSW<3>                     | IOB              | INPUT     | LVCMOS33             |       |          |      |              |          |          |
| GPIO_COMPSW<4>                     | IOB              | INPUT     | LVCMOS33             |       |          |      |              |          |          |
| GPIO_LED<0>                        | IOB              | OUTPUT    | LVCMOS25             |       | 12       | SLOW |              |          |          |
| GPIO_LED<1>                        | IOB              | OUTPUT    | LVCMOS25             |       | 12       | SLOW |              |          |          |
| IIC_SCL_VIDEO                      | IOB              | OUTPUT    | LVCMOS18             |       | 12       | SLOW |              |          |          |
| IIC_SDA_VIDEO                      | IOB              | OUTPUT    | LVCMOS18             |       | 12       | SLOW |              |          |          |
| USER_CLK                           | IOB              | INPUT     | LVCMOS33             |       |          |      |              |          |          |
| VGA_IN_DATA_CLK                    | IOB              | INPUT     | LVCMOS33             |       |          |      |              |          |          |
+---------------------------------------------------------------------------------------------------------------------------------------------------------+

Section 7 - RPMs
----------------

Section 8 - Guide Report
------------------------
Guide not run on this design.

Section 9 - Area Group and Partition Summary
--------------------------------------------

Partition Implementation Status
-------------------------------

  No Partitions were found in this design.

-------------------------------

Area Group Information
----------------------

  No area groups were found in this design.

----------------------

Section 10 - Timing Report
--------------------------
A logic-level (pre-route) timing report can be generated by using Xilinx static
timing analysis tools, Timing Analyzer (GUI) or TRCE (command line), with the
mapped NCD and PCF files. Please note that this timing report will be generated
using estimated delay information. For accurate numbers, please generate a
timing report with the post Place and Route NCD file.

For more information about the Timing Analyzer, consult the Xilinx Timing
Analyzer Reference Manual; for more information about TRCE, consult the Xilinx
Command Line Tools User Guide "TRACE" chapter.

Section 11 - Configuration String Details
-----------------------------------------
Use the "-detail" map option to print out Configuration Strings

Section 12 - Control Set Information
------------------------------------
Use the "-detail" map option to print out Control Set Information.

Section 13 - Utilization by Hierarchy
-------------------------------------
Use the "-detail" map option to print out the Utilization by Hierarchy section.
